<?xml version="1.0" encoding="UTF-8" standalone="no"?>
<beans xmlns="http://www.springframework.org/schema/beans" 
       xmlns:context="http://www.springframework.org/schema/context" 
       xmlns:mvc="http://www.springframework.org/schema/mvc" 
       xmlns:oxm="http://www.springframework.org/schema/oxm"
       xmlns:jdbc="http://www.springframework.org/schema/jdbc" 
       xmlns:p="http://www.springframework.org/schema/p" 
       xmlns:xsi="http://www.w3.org/2001/XMLSchema-instance" 
       xmlns:tx="http://www.springframework.org/schema/tx" 
       xsi:schemaLocation="http://www.springframework.org/schema/beans http://www.springframework.org/schema/beans/spring-beans-3.2.xsd     http://www.springframework.org/schema/context http://www.springframework.org/schema/context/spring-context-3.2.xsd     http://www.springframework.org/schema/mvc http://www.springframework.org/schema/mvc/spring-mvc-3.2.xsd     http://www.springframework.org/schema/oxm http://www.springframework.org/schema/oxm/spring-oxm-3.2.xsd     http://www.springframework.org/schema/jdbc http://www.springframework.org/schema/jdbc/spring-jdbc-3.0.xsd     http://www.springframework.org/schema/tx http://www.springframework.org/schema/tx/spring-tx-3.2.xsd">
    
    <!-- Services and component to autowire -->
    <bean id="mockAuthService" class="org.alessiodm.ringer.test.unit.web.api.v1.mock.MockAuthService" scope="singleton"></bean>
    <bean id="authServiceImpl" autowire-candidate="false" class="org.alessiodm.ringer.web.api.v1.auth.InMemoryAuthService" scope="singleton"></bean>
    <bean id="uuidGenerator" class="org.alessiodm.ringer.web.api.v1.auth.UUIDGeneratorImpl" scope="singleton"></bean>
    
    <bean id="userService" class="org.alessiodm.ringer.service.UserService"/>
    
    <!-- Controllers -->
    <bean id="userController" class="org.alessiodm.ringer.web.api.v1.controller.UserController"/>
    <bean id="ringController" class="org.alessiodm.ringer.web.api.v1.controller.RingController"/>
    <bean id="relationController" class="org.alessiodm.ringer.web.api.v1.controller.RelationController"/>
    
    <!-- Dao classes to autowire for testing -->
    <bean id="userDaoImpl" class="org.alessiodm.ringer.dao.impl.UserDaoImpl"> 
        <property name="dataSource" ref="dataSource"/>
    </bean>
    <bean id="relationDaoImpl" class="org.alessiodm.ringer.dao.impl.RelationDaoImpl"> 
        <property name="dataSource" ref="dataSource"/>
    </bean>
    <bean id="ringDaoImpl" class="org.alessiodm.ringer.dao.impl.RingDaoImpl"> 
        <property name="dataSource" ref="dataSource"/>
    </bean>
    
    <!-- Configuring embedded datasource and declarative annotation-driven transactions -->
    <bean id="txManager" class="org.springframework.jdbc.datasource.DataSourceTransactionManager">
        <property name="dataSource" ref="dataSource"/>
    </bean>
    
    <jdbc:embedded-database id="dataSource">
        <jdbc:script location="classpath:test-schema.sql"/>
        <jdbc:script location="classpath:test-data.sql"/>
    </jdbc:embedded-database>
    
    <tx:annotation-driven transaction-manager="txManager"/>
    
</beans>
