<?xml version="1.0" encoding="UTF-8" standalone="no"?>
<beans xmlns="http://www.springframework.org/schema/beans" 
       xmlns:context="http://www.springframework.org/schema/context" 
       xmlns:mvc="http://www.springframework.org/schema/mvc" 
       xmlns:oxm="http://www.springframework.org/schema/oxm"
       xmlns:jdbc="http://www.springframework.org/schema/jdbc" 
       xmlns:p="http://www.springframework.org/schema/p" 
       xmlns:xsi="http://www.w3.org/2001/XMLSchema-instance" 
       xmlns:tx="http://www.springframework.org/schema/tx" 
       xsi:schemaLocation="http://www.springframework.org/schema/beans http://www.springframework.org/schema/beans/spring-beans-3.2.xsd     http://www.springframework.org/schema/context http://www.springframework.org/schema/context/spring-context-3.2.xsd     http://www.springframework.org/schema/mvc http://www.springframework.org/schema/mvc/spring-mvc-3.2.xsd     http://www.springframework.org/schema/oxm http://www.springframework.org/schema/oxm/spring-oxm-3.2.xsd     http://www.springframework.org/schema/jdbc http://www.springframework.org/schema/jdbc/spring-jdbc-3.0.xsd     http://www.springframework.org/schema/tx http://www.springframework.org/schema/tx/spring-tx-3.2.xsd">
    
    <!-- 
        We do not auto-scan service package for selectively creating services 
        bean for mocking authService for tests.
    -->
    <bean id="mockAuthService" class="org.alessiodm.ringer.test.unit.service.impl.mock.MockAuthService" scope="singleton"></bean>
    <bean id="authServiceImpl" autowire-candidate="false" class="org.alessiodm.ringer.service.impl.InMemoryAuthService" scope="singleton"></bean>
    <bean id="uuidGenerator" class="org.alessiodm.ringer.service.impl.UUIDGeneratorImpl" scope="singleton"></bean>
    
    <bean id="userService" class="org.alessiodm.ringer.service.impl.UserServiceImpl"/>
    <bean id="ringService" class="org.alessiodm.ringer.service.impl.RingServiceImpl"/>
    
    <!--
        AspectJ @Configurable support => auto-weaved/dep-injected domain objects
    -->
    <context:spring-configured />
    
    <!-- Auto-scanned components -->
    <context:component-scan base-package="org.alessiodm.ringer.interfaces.web.api.v1.controllers" />
    <context:component-scan base-package="org.alessiodm.ringer.infrastructure" />
    <context:component-scan base-package="org.alessiodm.ringer.domain" />
          
    <!-- Configuring embedded datasource and declarative annotation-driven transactions -->
    <bean id="txManager" class="org.springframework.jdbc.datasource.DataSourceTransactionManager">
        <property name="dataSource" ref="dataSource"/>
    </bean>
    
    <jdbc:embedded-database id="dataSource">
        <jdbc:script location="classpath:test-schema.sql"/>
        <jdbc:script location="classpath:test-data.sql"/>
    </jdbc:embedded-database>
    
    <tx:annotation-driven transaction-manager="txManager"/>
    
</beans>
